  10,3.cpp
c:\users\marcin-pc\source\repos\10,3\10,3\10,3.cpp(38): error C2679: dwuargumentowy "<<": nie znaleziono żadnego operatora, który przyjmuje prawostronny operand typu "std::string" (lub nie istnieje akceptowalna konwersja)
  c:\program files\microsoft\visualstudio\vc\tools\msvc\14.14.26428\include\ostream(500): note: może to być „std::basic_ostream<char,std::char_traits<char>> &std::basic_ostream<char,std::char_traits<char>>::operator <<(std::basic_streambuf<char,std::char_traits<char>> *)”
  c:\program files\microsoft\visualstudio\vc\tools\msvc\14.14.26428\include\ostream(480): note: lub       "std::basic_ostream<char,std::char_traits<char>> &std::basic_ostream<char,std::char_traits<char>>::operator <<(const void *)"
  c:\program files\microsoft\visualstudio\vc\tools\msvc\14.14.26428\include\ostream(460): note: lub       "std::basic_ostream<char,std::char_traits<char>> &std::basic_ostream<char,std::char_traits<char>>::operator <<(long double)"
  c:\program files\microsoft\visualstudio\vc\tools\msvc\14.14.26428\include\ostream(440): note: lub       "std::basic_ostream<char,std::char_traits<char>> &std::basic_ostream<char,std::char_traits<char>>::operator <<(double)"
  c:\program files\microsoft\visualstudio\vc\tools\msvc\14.14.26428\include\ostream(420): note: lub       "std::basic_ostream<char,std::char_traits<char>> &std::basic_ostream<char,std::char_traits<char>>::operator <<(float)"
  c:\program files\microsoft\visualstudio\vc\tools\msvc\14.14.26428\include\ostream(400): note: lub       "std::basic_ostream<char,std::char_traits<char>> &std::basic_ostream<char,std::char_traits<char>>::operator <<(unsigned __int64)"
  c:\program files\microsoft\visualstudio\vc\tools\msvc\14.14.26428\include\ostream(380): note: lub       "std::basic_ostream<char,std::char_traits<char>> &std::basic_ostream<char,std::char_traits<char>>::operator <<(__int64)"
  c:\program files\microsoft\visualstudio\vc\tools\msvc\14.14.26428\include\ostream(360): note: lub       "std::basic_ostream<char,std::char_traits<char>> &std::basic_ostream<char,std::char_traits<char>>::operator <<(unsigned long)"
  c:\program files\microsoft\visualstudio\vc\tools\msvc\14.14.26428\include\ostream(340): note: lub       "std::basic_ostream<char,std::char_traits<char>> &std::basic_ostream<char,std::char_traits<char>>::operator <<(long)"
  c:\program files\microsoft\visualstudio\vc\tools\msvc\14.14.26428\include\ostream(320): note: lub       "std::basic_ostream<char,std::char_traits<char>> &std::basic_ostream<char,std::char_traits<char>>::operator <<(unsigned int)"
  c:\program files\microsoft\visualstudio\vc\tools\msvc\14.14.26428\include\ostream(295): note: lub       "std::basic_ostream<char,std::char_traits<char>> &std::basic_ostream<char,std::char_traits<char>>::operator <<(int)"
  c:\program files\microsoft\visualstudio\vc\tools\msvc\14.14.26428\include\ostream(275): note: lub       "std::basic_ostream<char,std::char_traits<char>> &std::basic_ostream<char,std::char_traits<char>>::operator <<(unsigned short)"
  c:\program files\microsoft\visualstudio\vc\tools\msvc\14.14.26428\include\ostream(241): note: lub       "std::basic_ostream<char,std::char_traits<char>> &std::basic_ostream<char,std::char_traits<char>>::operator <<(short)"
  c:\program files\microsoft\visualstudio\vc\tools\msvc\14.14.26428\include\ostream(221): note: lub       "std::basic_ostream<char,std::char_traits<char>> &std::basic_ostream<char,std::char_traits<char>>::operator <<(bool)"
  c:\program files\microsoft\visualstudio\vc\tools\msvc\14.14.26428\include\ostream(215): note: lub       "std::basic_ostream<char,std::char_traits<char>> &std::basic_ostream<char,std::char_traits<char>>::operator <<(std::ios_base &(__cdecl *)(std::ios_base &))"
  c:\program files\microsoft\visualstudio\vc\tools\msvc\14.14.26428\include\ostream(209): note: lub       "std::basic_ostream<char,std::char_traits<char>> &std::basic_ostream<char,std::char_traits<char>>::operator <<(std::basic_ios<char,std::char_traits<char>> &(__cdecl *)(std::basic_ios<char,std::char_traits<char>> &))"
  c:\program files\microsoft\visualstudio\vc\tools\msvc\14.14.26428\include\ostream(204): note: lub       "std::basic_ostream<char,std::char_traits<char>> &std::basic_ostream<char,std::char_traits<char>>::operator <<(std::basic_ostream<char,std::char_traits<char>> &(__cdecl *)(std::basic_ostream<char,std::char_traits<char>> &))"
  c:\program files\microsoft\visualstudio\vc\tools\msvc\14.14.26428\include\ostream(694): note: lub       "std::basic_ostream<char,std::char_traits<char>> &std::operator <<<char,std::char_traits<char>>(std::basic_ostream<char,std::char_traits<char>> &,const char *)"
  c:\program files\microsoft\visualstudio\vc\tools\msvc\14.14.26428\include\ostream(741): note: lub       "std::basic_ostream<char,std::char_traits<char>> &std::operator <<<char,std::char_traits<char>>(std::basic_ostream<char,std::char_traits<char>> &,char)"
  c:\program files\microsoft\visualstudio\vc\tools\msvc\14.14.26428\include\ostream(779): note: lub       "std::basic_ostream<char,std::char_traits<char>> &std::operator <<<std::char_traits<char>>(std::basic_ostream<char,std::char_traits<char>> &,const char *)"
  c:\program files\microsoft\visualstudio\vc\tools\msvc\14.14.26428\include\ostream(826): note: lub       "std::basic_ostream<char,std::char_traits<char>> &std::operator <<<std::char_traits<char>>(std::basic_ostream<char,std::char_traits<char>> &,char)"
  c:\program files\microsoft\visualstudio\vc\tools\msvc\14.14.26428\include\ostream(952): note: lub       "std::basic_ostream<char,std::char_traits<char>> &std::operator <<<std::char_traits<char>>(std::basic_ostream<char,std::char_traits<char>> &,const signed char *)"
  c:\program files\microsoft\visualstudio\vc\tools\msvc\14.14.26428\include\ostream(959): note: lub       "std::basic_ostream<char,std::char_traits<char>> &std::operator <<<std::char_traits<char>>(std::basic_ostream<char,std::char_traits<char>> &,signed char)"
  c:\program files\microsoft\visualstudio\vc\tools\msvc\14.14.26428\include\ostream(966): note: lub       "std::basic_ostream<char,std::char_traits<char>> &std::operator <<<std::char_traits<char>>(std::basic_ostream<char,std::char_traits<char>> &,const unsigned char *)"
  c:\program files\microsoft\visualstudio\vc\tools\msvc\14.14.26428\include\ostream(973): note: lub       "std::basic_ostream<char,std::char_traits<char>> &std::operator <<<std::char_traits<char>>(std::basic_ostream<char,std::char_traits<char>> &,unsigned char)"
  c:\program files\microsoft\visualstudio\vc\tools\msvc\14.14.26428\include\ostream(983): note: lub       "std::basic_ostream<char,std::char_traits<char>> &std::operator <<<char,std::char_traits<char>,std::string>(std::basic_ostream<char,std::char_traits<char>> &&,const _Ty &)"
          with
          [
              _Ty=std::string
          ]
  c:\program files\microsoft\visualstudio\vc\tools\msvc\14.14.26428\include\ostream(1021): note: lub       "std::basic_ostream<char,std::char_traits<char>> &std::operator <<<char,std::char_traits<char>>(std::basic_ostream<char,std::char_traits<char>> &,const std::error_code &)"
  c:\users\marcin-pc\source\repos\10,3\10,3\10,3.cpp(38): note: podczas próby dopasowania listy argumentów "(std::ostream, std::string)"
c:\users\marcin-pc\source\repos\10,3\10,3\10,3.cpp(64): error C2679: dwuargumentowy "<<": nie znaleziono żadnego operatora, który przyjmuje prawostronny operand typu "std::string" (lub nie istnieje akceptowalna konwersja)
  c:\program files\microsoft\visualstudio\vc\tools\msvc\14.14.26428\include\ostream(500): note: może to być „std::basic_ostream<char,std::char_traits<char>> &std::basic_ostream<char,std::char_traits<char>>::operator <<(std::basic_streambuf<char,std::char_traits<char>> *)”
  c:\program files\microsoft\visualstudio\vc\tools\msvc\14.14.26428\include\ostream(480): note: lub       "std::basic_ostream<char,std::char_traits<char>> &std::basic_ostream<char,std::char_traits<char>>::operator <<(const void *)"
  c:\program files\microsoft\visualstudio\vc\tools\msvc\14.14.26428\include\ostream(460): note: lub       "std::basic_ostream<char,std::char_traits<char>> &std::basic_ostream<char,std::char_traits<char>>::operator <<(long double)"
  c:\program files\microsoft\visualstudio\vc\tools\msvc\14.14.26428\include\ostream(440): note: lub       "std::basic_ostream<char,std::char_traits<char>> &std::basic_ostream<char,std::char_traits<char>>::operator <<(double)"
  c:\program files\microsoft\visualstudio\vc\tools\msvc\14.14.26428\include\ostream(420): note: lub       "std::basic_ostream<char,std::char_traits<char>> &std::basic_ostream<char,std::char_traits<char>>::operator <<(float)"
  c:\program files\microsoft\visualstudio\vc\tools\msvc\14.14.26428\include\ostream(400): note: lub       "std::basic_ostream<char,std::char_traits<char>> &std::basic_ostream<char,std::char_traits<char>>::operator <<(unsigned __int64)"
  c:\program files\microsoft\visualstudio\vc\tools\msvc\14.14.26428\include\ostream(380): note: lub       "std::basic_ostream<char,std::char_traits<char>> &std::basic_ostream<char,std::char_traits<char>>::operator <<(__int64)"
  c:\program files\microsoft\visualstudio\vc\tools\msvc\14.14.26428\include\ostream(360): note: lub       "std::basic_ostream<char,std::char_traits<char>> &std::basic_ostream<char,std::char_traits<char>>::operator <<(unsigned long)"
  c:\program files\microsoft\visualstudio\vc\tools\msvc\14.14.26428\include\ostream(340): note: lub       "std::basic_ostream<char,std::char_traits<char>> &std::basic_ostream<char,std::char_traits<char>>::operator <<(long)"
  c:\program files\microsoft\visualstudio\vc\tools\msvc\14.14.26428\include\ostream(320): note: lub       "std::basic_ostream<char,std::char_traits<char>> &std::basic_ostream<char,std::char_traits<char>>::operator <<(unsigned int)"
  c:\program files\microsoft\visualstudio\vc\tools\msvc\14.14.26428\include\ostream(295): note: lub       "std::basic_ostream<char,std::char_traits<char>> &std::basic_ostream<char,std::char_traits<char>>::operator <<(int)"
  c:\program files\microsoft\visualstudio\vc\tools\msvc\14.14.26428\include\ostream(275): note: lub       "std::basic_ostream<char,std::char_traits<char>> &std::basic_ostream<char,std::char_traits<char>>::operator <<(unsigned short)"
  c:\program files\microsoft\visualstudio\vc\tools\msvc\14.14.26428\include\ostream(241): note: lub       "std::basic_ostream<char,std::char_traits<char>> &std::basic_ostream<char,std::char_traits<char>>::operator <<(short)"
  c:\program files\microsoft\visualstudio\vc\tools\msvc\14.14.26428\include\ostream(221): note: lub       "std::basic_ostream<char,std::char_traits<char>> &std::basic_ostream<char,std::char_traits<char>>::operator <<(bool)"
  c:\program files\microsoft\visualstudio\vc\tools\msvc\14.14.26428\include\ostream(215): note: lub       "std::basic_ostream<char,std::char_traits<char>> &std::basic_ostream<char,std::char_traits<char>>::operator <<(std::ios_base &(__cdecl *)(std::ios_base &))"
  c:\program files\microsoft\visualstudio\vc\tools\msvc\14.14.26428\include\ostream(209): note: lub       "std::basic_ostream<char,std::char_traits<char>> &std::basic_ostream<char,std::char_traits<char>>::operator <<(std::basic_ios<char,std::char_traits<char>> &(__cdecl *)(std::basic_ios<char,std::char_traits<char>> &))"
  c:\program files\microsoft\visualstudio\vc\tools\msvc\14.14.26428\include\ostream(204): note: lub       "std::basic_ostream<char,std::char_traits<char>> &std::basic_ostream<char,std::char_traits<char>>::operator <<(std::basic_ostream<char,std::char_traits<char>> &(__cdecl *)(std::basic_ostream<char,std::char_traits<char>> &))"
  c:\program files\microsoft\visualstudio\vc\tools\msvc\14.14.26428\include\ostream(694): note: lub       "std::basic_ostream<char,std::char_traits<char>> &std::operator <<<char,std::char_traits<char>>(std::basic_ostream<char,std::char_traits<char>> &,const char *)"
  c:\program files\microsoft\visualstudio\vc\tools\msvc\14.14.26428\include\ostream(741): note: lub       "std::basic_ostream<char,std::char_traits<char>> &std::operator <<<char,std::char_traits<char>>(std::basic_ostream<char,std::char_traits<char>> &,char)"
  c:\program files\microsoft\visualstudio\vc\tools\msvc\14.14.26428\include\ostream(779): note: lub       "std::basic_ostream<char,std::char_traits<char>> &std::operator <<<std::char_traits<char>>(std::basic_ostream<char,std::char_traits<char>> &,const char *)"
  c:\program files\microsoft\visualstudio\vc\tools\msvc\14.14.26428\include\ostream(826): note: lub       "std::basic_ostream<char,std::char_traits<char>> &std::operator <<<std::char_traits<char>>(std::basic_ostream<char,std::char_traits<char>> &,char)"
  c:\program files\microsoft\visualstudio\vc\tools\msvc\14.14.26428\include\ostream(952): note: lub       "std::basic_ostream<char,std::char_traits<char>> &std::operator <<<std::char_traits<char>>(std::basic_ostream<char,std::char_traits<char>> &,const signed char *)"
  c:\program files\microsoft\visualstudio\vc\tools\msvc\14.14.26428\include\ostream(959): note: lub       "std::basic_ostream<char,std::char_traits<char>> &std::operator <<<std::char_traits<char>>(std::basic_ostream<char,std::char_traits<char>> &,signed char)"
  c:\program files\microsoft\visualstudio\vc\tools\msvc\14.14.26428\include\ostream(966): note: lub       "std::basic_ostream<char,std::char_traits<char>> &std::operator <<<std::char_traits<char>>(std::basic_ostream<char,std::char_traits<char>> &,const unsigned char *)"
  c:\program files\microsoft\visualstudio\vc\tools\msvc\14.14.26428\include\ostream(973): note: lub       "std::basic_ostream<char,std::char_traits<char>> &std::operator <<<std::char_traits<char>>(std::basic_ostream<char,std::char_traits<char>> &,unsigned char)"
  c:\program files\microsoft\visualstudio\vc\tools\msvc\14.14.26428\include\ostream(983): note: lub       "std::basic_ostream<char,std::char_traits<char>> &std::operator <<<char,std::char_traits<char>,std::string>(std::basic_ostream<char,std::char_traits<char>> &&,const _Ty &)"
          with
          [
              _Ty=std::string
          ]
  c:\program files\microsoft\visualstudio\vc\tools\msvc\14.14.26428\include\ostream(1021): note: lub       "std::basic_ostream<char,std::char_traits<char>> &std::operator <<<char,std::char_traits<char>>(std::basic_ostream<char,std::char_traits<char>> &,const std::error_code &)"
  c:\users\marcin-pc\source\repos\10,3\10,3\10,3.cpp(64): note: podczas próby dopasowania listy argumentów "(std::ostream, std::string)"
c:\users\marcin-pc\source\repos\10,3\10,3\10,3.cpp(65): error C2679: dwuargumentowy "<<": nie znaleziono żadnego operatora, który przyjmuje prawostronny operand typu "std::string" (lub nie istnieje akceptowalna konwersja)
  c:\program files\microsoft\visualstudio\vc\tools\msvc\14.14.26428\include\ostream(500): note: może to być „std::basic_ostream<char,std::char_traits<char>> &std::basic_ostream<char,std::char_traits<char>>::operator <<(std::basic_streambuf<char,std::char_traits<char>> *)”
  c:\program files\microsoft\visualstudio\vc\tools\msvc\14.14.26428\include\ostream(480): note: lub       "std::basic_ostream<char,std::char_traits<char>> &std::basic_ostream<char,std::char_traits<char>>::operator <<(const void *)"
  c:\program files\microsoft\visualstudio\vc\tools\msvc\14.14.26428\include\ostream(460): note: lub       "std::basic_ostream<char,std::char_traits<char>> &std::basic_ostream<char,std::char_traits<char>>::operator <<(long double)"
  c:\program files\microsoft\visualstudio\vc\tools\msvc\14.14.26428\include\ostream(440): note: lub       "std::basic_ostream<char,std::char_traits<char>> &std::basic_ostream<char,std::char_traits<char>>::operator <<(double)"
  c:\program files\microsoft\visualstudio\vc\tools\msvc\14.14.26428\include\ostream(420): note: lub       "std::basic_ostream<char,std::char_traits<char>> &std::basic_ostream<char,std::char_traits<char>>::operator <<(float)"
  c:\program files\microsoft\visualstudio\vc\tools\msvc\14.14.26428\include\ostream(400): note: lub       "std::basic_ostream<char,std::char_traits<char>> &std::basic_ostream<char,std::char_traits<char>>::operator <<(unsigned __int64)"
  c:\program files\microsoft\visualstudio\vc\tools\msvc\14.14.26428\include\ostream(380): note: lub       "std::basic_ostream<char,std::char_traits<char>> &std::basic_ostream<char,std::char_traits<char>>::operator <<(__int64)"
  c:\program files\microsoft\visualstudio\vc\tools\msvc\14.14.26428\include\ostream(360): note: lub       "std::basic_ostream<char,std::char_traits<char>> &std::basic_ostream<char,std::char_traits<char>>::operator <<(unsigned long)"
  c:\program files\microsoft\visualstudio\vc\tools\msvc\14.14.26428\include\ostream(340): note: lub       "std::basic_ostream<char,std::char_traits<char>> &std::basic_ostream<char,std::char_traits<char>>::operator <<(long)"
  c:\program files\microsoft\visualstudio\vc\tools\msvc\14.14.26428\include\ostream(320): note: lub       "std::basic_ostream<char,std::char_traits<char>> &std::basic_ostream<char,std::char_traits<char>>::operator <<(unsigned int)"
  c:\program files\microsoft\visualstudio\vc\tools\msvc\14.14.26428\include\ostream(295): note: lub       "std::basic_ostream<char,std::char_traits<char>> &std::basic_ostream<char,std::char_traits<char>>::operator <<(int)"
  c:\program files\microsoft\visualstudio\vc\tools\msvc\14.14.26428\include\ostream(275): note: lub       "std::basic_ostream<char,std::char_traits<char>> &std::basic_ostream<char,std::char_traits<char>>::operator <<(unsigned short)"
  c:\program files\microsoft\visualstudio\vc\tools\msvc\14.14.26428\include\ostream(241): note: lub       "std::basic_ostream<char,std::char_traits<char>> &std::basic_ostream<char,std::char_traits<char>>::operator <<(short)"
  c:\program files\microsoft\visualstudio\vc\tools\msvc\14.14.26428\include\ostream(221): note: lub       "std::basic_ostream<char,std::char_traits<char>> &std::basic_ostream<char,std::char_traits<char>>::operator <<(bool)"
  c:\program files\microsoft\visualstudio\vc\tools\msvc\14.14.26428\include\ostream(215): note: lub       "std::basic_ostream<char,std::char_traits<char>> &std::basic_ostream<char,std::char_traits<char>>::operator <<(std::ios_base &(__cdecl *)(std::ios_base &))"
  c:\program files\microsoft\visualstudio\vc\tools\msvc\14.14.26428\include\ostream(209): note: lub       "std::basic_ostream<char,std::char_traits<char>> &std::basic_ostream<char,std::char_traits<char>>::operator <<(std::basic_ios<char,std::char_traits<char>> &(__cdecl *)(std::basic_ios<char,std::char_traits<char>> &))"
  c:\program files\microsoft\visualstudio\vc\tools\msvc\14.14.26428\include\ostream(204): note: lub       "std::basic_ostream<char,std::char_traits<char>> &std::basic_ostream<char,std::char_traits<char>>::operator <<(std::basic_ostream<char,std::char_traits<char>> &(__cdecl *)(std::basic_ostream<char,std::char_traits<char>> &))"
  c:\program files\microsoft\visualstudio\vc\tools\msvc\14.14.26428\include\ostream(694): note: lub       "std::basic_ostream<char,std::char_traits<char>> &std::operator <<<char,std::char_traits<char>>(std::basic_ostream<char,std::char_traits<char>> &,const char *)"
  c:\program files\microsoft\visualstudio\vc\tools\msvc\14.14.26428\include\ostream(741): note: lub       "std::basic_ostream<char,std::char_traits<char>> &std::operator <<<char,std::char_traits<char>>(std::basic_ostream<char,std::char_traits<char>> &,char)"
  c:\program files\microsoft\visualstudio\vc\tools\msvc\14.14.26428\include\ostream(779): note: lub       "std::basic_ostream<char,std::char_traits<char>> &std::operator <<<std::char_traits<char>>(std::basic_ostream<char,std::char_traits<char>> &,const char *)"
  c:\program files\microsoft\visualstudio\vc\tools\msvc\14.14.26428\include\ostream(826): note: lub       "std::basic_ostream<char,std::char_traits<char>> &std::operator <<<std::char_traits<char>>(std::basic_ostream<char,std::char_traits<char>> &,char)"
  c:\program files\microsoft\visualstudio\vc\tools\msvc\14.14.26428\include\ostream(952): note: lub       "std::basic_ostream<char,std::char_traits<char>> &std::operator <<<std::char_traits<char>>(std::basic_ostream<char,std::char_traits<char>> &,const signed char *)"
  c:\program files\microsoft\visualstudio\vc\tools\msvc\14.14.26428\include\ostream(959): note: lub       "std::basic_ostream<char,std::char_traits<char>> &std::operator <<<std::char_traits<char>>(std::basic_ostream<char,std::char_traits<char>> &,signed char)"
  c:\program files\microsoft\visualstudio\vc\tools\msvc\14.14.26428\include\ostream(966): note: lub       "std::basic_ostream<char,std::char_traits<char>> &std::operator <<<std::char_traits<char>>(std::basic_ostream<char,std::char_traits<char>> &,const unsigned char *)"
  c:\program files\microsoft\visualstudio\vc\tools\msvc\14.14.26428\include\ostream(973): note: lub       "std::basic_ostream<char,std::char_traits<char>> &std::operator <<<std::char_traits<char>>(std::basic_ostream<char,std::char_traits<char>> &,unsigned char)"
  c:\program files\microsoft\visualstudio\vc\tools\msvc\14.14.26428\include\ostream(983): note: lub       "std::basic_ostream<char,std::char_traits<char>> &std::operator <<<char,std::char_traits<char>,std::string>(std::basic_ostream<char,std::char_traits<char>> &&,const _Ty &)"
          with
          [
              _Ty=std::string
          ]
  c:\program files\microsoft\visualstudio\vc\tools\msvc\14.14.26428\include\ostream(1021): note: lub       "std::basic_ostream<char,std::char_traits<char>> &std::operator <<<char,std::char_traits<char>>(std::basic_ostream<char,std::char_traits<char>> &,const std::error_code &)"
  c:\users\marcin-pc\source\repos\10,3\10,3\10,3.cpp(65): note: podczas próby dopasowania listy argumentów "(std::ostream, std::string)"
c:\users\marcin-pc\source\repos\10,3\10,3\10,3.cpp(66): error C2679: dwuargumentowy "<<": nie znaleziono żadnego operatora, który przyjmuje prawostronny operand typu "std::string" (lub nie istnieje akceptowalna konwersja)
  c:\program files\microsoft\visualstudio\vc\tools\msvc\14.14.26428\include\ostream(500): note: może to być „std::basic_ostream<char,std::char_traits<char>> &std::basic_ostream<char,std::char_traits<char>>::operator <<(std::basic_streambuf<char,std::char_traits<char>> *)”
  c:\program files\microsoft\visualstudio\vc\tools\msvc\14.14.26428\include\ostream(480): note: lub       "std::basic_ostream<char,std::char_traits<char>> &std::basic_ostream<char,std::char_traits<char>>::operator <<(const void *)"
  c:\program files\microsoft\visualstudio\vc\tools\msvc\14.14.26428\include\ostream(460): note: lub       "std::basic_ostream<char,std::char_traits<char>> &std::basic_ostream<char,std::char_traits<char>>::operator <<(long double)"
  c:\program files\microsoft\visualstudio\vc\tools\msvc\14.14.26428\include\ostream(440): note: lub       "std::basic_ostream<char,std::char_traits<char>> &std::basic_ostream<char,std::char_traits<char>>::operator <<(double)"
  c:\program files\microsoft\visualstudio\vc\tools\msvc\14.14.26428\include\ostream(420): note: lub       "std::basic_ostream<char,std::char_traits<char>> &std::basic_ostream<char,std::char_traits<char>>::operator <<(float)"
  c:\program files\microsoft\visualstudio\vc\tools\msvc\14.14.26428\include\ostream(400): note: lub       "std::basic_ostream<char,std::char_traits<char>> &std::basic_ostream<char,std::char_traits<char>>::operator <<(unsigned __int64)"
  c:\program files\microsoft\visualstudio\vc\tools\msvc\14.14.26428\include\ostream(380): note: lub       "std::basic_ostream<char,std::char_traits<char>> &std::basic_ostream<char,std::char_traits<char>>::operator <<(__int64)"
  c:\program files\microsoft\visualstudio\vc\tools\msvc\14.14.26428\include\ostream(360): note: lub       "std::basic_ostream<char,std::char_traits<char>> &std::basic_ostream<char,std::char_traits<char>>::operator <<(unsigned long)"
  c:\program files\microsoft\visualstudio\vc\tools\msvc\14.14.26428\include\ostream(340): note: lub       "std::basic_ostream<char,std::char_traits<char>> &std::basic_ostream<char,std::char_traits<char>>::operator <<(long)"
  c:\program files\microsoft\visualstudio\vc\tools\msvc\14.14.26428\include\ostream(320): note: lub       "std::basic_ostream<char,std::char_traits<char>> &std::basic_ostream<char,std::char_traits<char>>::operator <<(unsigned int)"
  c:\program files\microsoft\visualstudio\vc\tools\msvc\14.14.26428\include\ostream(295): note: lub       "std::basic_ostream<char,std::char_traits<char>> &std::basic_ostream<char,std::char_traits<char>>::operator <<(int)"
  c:\program files\microsoft\visualstudio\vc\tools\msvc\14.14.26428\include\ostream(275): note: lub       "std::basic_ostream<char,std::char_traits<char>> &std::basic_ostream<char,std::char_traits<char>>::operator <<(unsigned short)"
  c:\program files\microsoft\visualstudio\vc\tools\msvc\14.14.26428\include\ostream(241): note: lub       "std::basic_ostream<char,std::char_traits<char>> &std::basic_ostream<char,std::char_traits<char>>::operator <<(short)"
  c:\program files\microsoft\visualstudio\vc\tools\msvc\14.14.26428\include\ostream(221): note: lub       "std::basic_ostream<char,std::char_traits<char>> &std::basic_ostream<char,std::char_traits<char>>::operator <<(bool)"
  c:\program files\microsoft\visualstudio\vc\tools\msvc\14.14.26428\include\ostream(215): note: lub       "std::basic_ostream<char,std::char_traits<char>> &std::basic_ostream<char,std::char_traits<char>>::operator <<(std::ios_base &(__cdecl *)(std::ios_base &))"
  c:\program files\microsoft\visualstudio\vc\tools\msvc\14.14.26428\include\ostream(209): note: lub       "std::basic_ostream<char,std::char_traits<char>> &std::basic_ostream<char,std::char_traits<char>>::operator <<(std::basic_ios<char,std::char_traits<char>> &(__cdecl *)(std::basic_ios<char,std::char_traits<char>> &))"
  c:\program files\microsoft\visualstudio\vc\tools\msvc\14.14.26428\include\ostream(204): note: lub       "std::basic_ostream<char,std::char_traits<char>> &std::basic_ostream<char,std::char_traits<char>>::operator <<(std::basic_ostream<char,std::char_traits<char>> &(__cdecl *)(std::basic_ostream<char,std::char_traits<char>> &))"
  c:\program files\microsoft\visualstudio\vc\tools\msvc\14.14.26428\include\ostream(694): note: lub       "std::basic_ostream<char,std::char_traits<char>> &std::operator <<<char,std::char_traits<char>>(std::basic_ostream<char,std::char_traits<char>> &,const char *)"
  c:\program files\microsoft\visualstudio\vc\tools\msvc\14.14.26428\include\ostream(741): note: lub       "std::basic_ostream<char,std::char_traits<char>> &std::operator <<<char,std::char_traits<char>>(std::basic_ostream<char,std::char_traits<char>> &,char)"
  c:\program files\microsoft\visualstudio\vc\tools\msvc\14.14.26428\include\ostream(779): note: lub       "std::basic_ostream<char,std::char_traits<char>> &std::operator <<<std::char_traits<char>>(std::basic_ostream<char,std::char_traits<char>> &,const char *)"
  c:\program files\microsoft\visualstudio\vc\tools\msvc\14.14.26428\include\ostream(826): note: lub       "std::basic_ostream<char,std::char_traits<char>> &std::operator <<<std::char_traits<char>>(std::basic_ostream<char,std::char_traits<char>> &,char)"
  c:\program files\microsoft\visualstudio\vc\tools\msvc\14.14.26428\include\ostream(952): note: lub       "std::basic_ostream<char,std::char_traits<char>> &std::operator <<<std::char_traits<char>>(std::basic_ostream<char,std::char_traits<char>> &,const signed char *)"
  c:\program files\microsoft\visualstudio\vc\tools\msvc\14.14.26428\include\ostream(959): note: lub       "std::basic_ostream<char,std::char_traits<char>> &std::operator <<<std::char_traits<char>>(std::basic_ostream<char,std::char_traits<char>> &,signed char)"
  c:\program files\microsoft\visualstudio\vc\tools\msvc\14.14.26428\include\ostream(966): note: lub       "std::basic_ostream<char,std::char_traits<char>> &std::operator <<<std::char_traits<char>>(std::basic_ostream<char,std::char_traits<char>> &,const unsigned char *)"
  c:\program files\microsoft\visualstudio\vc\tools\msvc\14.14.26428\include\ostream(973): note: lub       "std::basic_ostream<char,std::char_traits<char>> &std::operator <<<std::char_traits<char>>(std::basic_ostream<char,std::char_traits<char>> &,unsigned char)"
  c:\program files\microsoft\visualstudio\vc\tools\msvc\14.14.26428\include\ostream(983): note: lub       "std::basic_ostream<char,std::char_traits<char>> &std::operator <<<char,std::char_traits<char>,std::string>(std::basic_ostream<char,std::char_traits<char>> &&,const _Ty &)"
          with
          [
              _Ty=std::string
          ]
  c:\program files\microsoft\visualstudio\vc\tools\msvc\14.14.26428\include\ostream(1021): note: lub       "std::basic_ostream<char,std::char_traits<char>> &std::operator <<<char,std::char_traits<char>>(std::basic_ostream<char,std::char_traits<char>> &,const std::error_code &)"
  c:\users\marcin-pc\source\repos\10,3\10,3\10,3.cpp(66): note: podczas próby dopasowania listy argumentów "(std::ostream, std::string)"
